<?xml version="1.0" encoding="UTF-8"?>
<!-- Generated by org.testng.reporters.JUnitReportReporter -->
<testsuite name="Test1" tests="1" time="0.105" ignored="0" failures="0" timestamp="16 июн 2021 08:57:33 GMT" skipped="0" hostname="CoolerBy-PC" errors="0">
  <testcase name="test1" time="0.105" classname="Test1"/>
</testsuite> <!-- Test1 -->
